<?xml version="1.0" encoding="UTF-8"?>
<!-- Generated by org.testng.reporters.JUnitXMLReporter -->
<testsuite ignored="0" hostname="Aarush" failures="0" tests="5" name="Facebook Signup Page" time="99.048" errors="0" timestamp="04 May 2019 11:00:09 GMT">
  <testcase classname="com.facebook.qa.testcases.SignUpTest" name="Title" time="0.34"/>
  <testcase classname="com.facebook.qa.testcases.SignUpTest" name="CreateNewUser" time="12.151"/>
  <testcase classname="com.facebook.qa.testcases.SignUpTest" name="CreateNewUser" time="10.941"/>
  <testcase classname="com.facebook.qa.testcases.SignUpTest" name="CreateNewUser" time="10.81"/>
  <testcase classname="com.facebook.qa.testcases.SignUpTest" name="CreateNewUser" time="10.722"/>
</testsuite> <!-- Facebook Signup Page -->
