<?xml version="1.0" encoding="UTF-8"?>
<!-- Generated by org.testng.reporters.JUnitXMLReporter -->
<testsuite ignored="0" hostname="Aarush" failures="0" tests="5" name="Facebook Signup Page" time="140.028" errors="0" timestamp="04 May 2019 22:18:06 GMT">
  <testcase classname="com.facebook.qa.testcases.SignUpTest" name="Title" time="0.019"/>
  <testcase classname="com.facebook.qa.testcases.SignUpTest" name="CreateNewUser" time="17.326"/>
  <testcase classname="com.facebook.qa.testcases.SignUpTest" name="CreateNewUser" time="18.11"/>
  <testcase classname="com.facebook.qa.testcases.SignUpTest" name="CreateNewUser" time="13.617"/>
  <testcase classname="com.facebook.qa.testcases.SignUpTest" name="CreateNewUser" time="12.408"/>
</testsuite> <!-- Facebook Signup Page -->
