<?xml version="1.0" encoding="UTF-8"?>
<testng-results ignored="0" total="5" passed="5" failed="0" skipped="0">
  <reporter-output>
  </reporter-output>
  <suite started-at="2019-05-04T10:58:30Z" name="Facebook Application Test Automation Test Suite" finished-at="2019-05-04T11:00:09Z" duration-ms="99048">
    <groups>
    </groups>
    <test started-at="2019-05-04T10:58:30Z" name="Facebook Signup Page" finished-at="2019-05-04T11:00:09Z" duration-ms="99048">
      <class name="com.facebook.qa.testcases.SignUpTest">
        <test-method is-config="true" signature="setUp()[pri:0, instance:com.facebook.qa.testcases.SignUpTest@78b729e6]" started-at="2019-05-04T10:58:30Z" name="setUp" finished-at="2019-05-04T10:58:39Z" duration-ms="9278" status="PASS">
          <reporter-output>
          </reporter-output>
        </test-method> <!-- setUp -->
        <test-method signature="Title()[pri:1, instance:com.facebook.qa.testcases.SignUpTest@78b729e6]" started-at="2019-05-04T10:58:39Z" name="Title" finished-at="2019-05-04T10:58:40Z" duration-ms="340" status="PASS">
          <reporter-output>
          </reporter-output>
        </test-method> <!-- Title -->
        <test-method is-config="true" signature="tearDown()[pri:0, instance:com.facebook.qa.testcases.SignUpTest@78b729e6]" started-at="2019-05-04T10:58:40Z" name="tearDown" finished-at="2019-05-04T10:58:41Z" duration-ms="740" status="PASS">
          <reporter-output>
          </reporter-output>
        </test-method> <!-- tearDown -->
        <test-method is-config="true" signature="setUp()[pri:0, instance:com.facebook.qa.testcases.SignUpTest@78b729e6]" started-at="2019-05-04T10:58:42Z" name="setUp" finished-at="2019-05-04T10:58:51Z" duration-ms="9579" status="PASS">
          <reporter-output>
          </reporter-output>
        </test-method> <!-- setUp -->
        <test-method signature="CreateNewUser(java.lang.String, java.lang.String, java.lang.String, java.lang.String, java.lang.String, java.lang.String, java.lang.String, java.lang.String)[pri:2, instance:com.facebook.qa.testcases.SignUpTest@78b729e6]" started-at="2019-05-04T10:58:51Z" name="CreateNewUser" data-provider="getSignUpTestData" finished-at="2019-05-04T10:59:03Z" duration-ms="12151" status="PASS">
          <params>
            <param index="0">
              <value>
                <![CDATA[Mark Alcfjfchfcfbb]]>
              </value>
            </param>
            <param index="1">
              <value>
                <![CDATA[Shepardman]]>
              </value>
            </param>
            <param index="2">
              <value>
                <![CDATA[beufbaiyku_1556626428@tfbnw.net]]>
              </value>
            </param>
            <param index="3">
              <value>
                <![CDATA[Zaq12wsx]]>
              </value>
            </param>
            <param index="4">
              <value>
                <![CDATA[10]]>
              </value>
            </param>
            <param index="5">
              <value>
                <![CDATA[May]]>
              </value>
            </param>
            <param index="6">
              <value>
                <![CDATA[1990]]>
              </value>
            </param>
            <param index="7">
              <value>
                <![CDATA[Male]]>
              </value>
            </param>
          </params>
          <reporter-output>
          </reporter-output>
        </test-method> <!-- CreateNewUser -->
        <test-method is-config="true" signature="tearDown()[pri:0, instance:com.facebook.qa.testcases.SignUpTest@78b729e6]" started-at="2019-05-04T10:59:03Z" name="tearDown" finished-at="2019-05-04T10:59:04Z" duration-ms="862" status="PASS">
          <reporter-output>
          </reporter-output>
        </test-method> <!-- tearDown -->
        <test-method is-config="true" signature="setUp()[pri:0, instance:com.facebook.qa.testcases.SignUpTest@78b729e6]" started-at="2019-05-04T10:59:04Z" name="setUp" finished-at="2019-05-04T10:59:14Z" duration-ms="10030" status="PASS">
          <reporter-output>
          </reporter-output>
        </test-method> <!-- setUp -->
        <test-method signature="CreateNewUser(java.lang.String, java.lang.String, java.lang.String, java.lang.String, java.lang.String, java.lang.String, java.lang.String, java.lang.String)[pri:2, instance:com.facebook.qa.testcases.SignUpTest@78b729e6]" started-at="2019-05-04T10:59:14Z" name="CreateNewUser" data-provider="getSignUpTestData" finished-at="2019-05-04T10:59:25Z" duration-ms="10941" status="PASS">
          <params>
            <param index="0">
              <value>
                <![CDATA[Mary Alcfdacbbjibj]]>
              </value>
            </param>
            <param index="1">
              <value>
                <![CDATA[Bharambesky]]>
              </value>
            </param>
            <param index="2">
              <value>
                <![CDATA[hydquxhakr_1556626432@tfbnw.net]]>
              </value>
            </param>
            <param index="3">
              <value>
                <![CDATA[Zaq12wsx]]>
              </value>
            </param>
            <param index="4">
              <value>
                <![CDATA[12]]>
              </value>
            </param>
            <param index="5">
              <value>
                <![CDATA[Apr]]>
              </value>
            </param>
            <param index="6">
              <value>
                <![CDATA[1994]]>
              </value>
            </param>
            <param index="7">
              <value>
                <![CDATA[Female]]>
              </value>
            </param>
          </params>
          <reporter-output>
          </reporter-output>
        </test-method> <!-- CreateNewUser -->
        <test-method is-config="true" signature="tearDown()[pri:0, instance:com.facebook.qa.testcases.SignUpTest@78b729e6]" started-at="2019-05-04T10:59:25Z" name="tearDown" finished-at="2019-05-04T10:59:26Z" duration-ms="923" status="PASS">
          <reporter-output>
          </reporter-output>
        </test-method> <!-- tearDown -->
        <test-method is-config="true" signature="setUp()[pri:0, instance:com.facebook.qa.testcases.SignUpTest@78b729e6]" started-at="2019-05-04T10:59:26Z" name="setUp" finished-at="2019-05-04T10:59:36Z" duration-ms="10074" status="PASS">
          <reporter-output>
          </reporter-output>
        </test-method> <!-- setUp -->
        <test-method signature="CreateNewUser(java.lang.String, java.lang.String, java.lang.String, java.lang.String, java.lang.String, java.lang.String, java.lang.String, java.lang.String)[pri:2, instance:com.facebook.qa.testcases.SignUpTest@78b729e6]" started-at="2019-05-04T10:59:36Z" name="CreateNewUser" data-provider="getSignUpTestData" finished-at="2019-05-04T10:59:47Z" duration-ms="10810" status="PASS">
          <params>
            <param index="0">
              <value>
                <![CDATA[Abigail Alcfbfabejadj]]>
              </value>
            </param>
            <param index="1">
              <value>
                <![CDATA[Fergiestein]]>
              </value>
            </param>
            <param index="2">
              <value>
                <![CDATA[lsdibtzpjj_1556626430@tfbnw.net]]>
              </value>
            </param>
            <param index="3">
              <value>
                <![CDATA[Zaq12wsx]]>
              </value>
            </param>
            <param index="4">
              <value>
                <![CDATA[15]]>
              </value>
            </param>
            <param index="5">
              <value>
                <![CDATA[Mar]]>
              </value>
            </param>
            <param index="6">
              <value>
                <![CDATA[1982]]>
              </value>
            </param>
            <param index="7">
              <value>
                <![CDATA[Male]]>
              </value>
            </param>
          </params>
          <reporter-output>
          </reporter-output>
        </test-method> <!-- CreateNewUser -->
        <test-method is-config="true" signature="tearDown()[pri:0, instance:com.facebook.qa.testcases.SignUpTest@78b729e6]" started-at="2019-05-04T10:59:47Z" name="tearDown" finished-at="2019-05-04T10:59:48Z" duration-ms="865" status="PASS">
          <reporter-output>
          </reporter-output>
        </test-method> <!-- tearDown -->
        <test-method is-config="true" signature="setUp()[pri:0, instance:com.facebook.qa.testcases.SignUpTest@78b729e6]" started-at="2019-05-04T10:59:48Z" name="setUp" finished-at="2019-05-04T10:59:58Z" duration-ms="9802" status="PASS">
          <reporter-output>
          </reporter-output>
        </test-method> <!-- setUp -->
        <test-method signature="CreateNewUser(java.lang.String, java.lang.String, java.lang.String, java.lang.String, java.lang.String, java.lang.String, java.lang.String, java.lang.String)[pri:2, instance:com.facebook.qa.testcases.SignUpTest@78b729e6]" started-at="2019-05-04T10:59:58Z" name="CreateNewUser" data-provider="getSignUpTestData" finished-at="2019-05-04T11:00:08Z" duration-ms="10722" status="PASS">
          <params>
            <param index="0">
              <value>
                <![CDATA[Michael Alcfjhicfabec]]>
              </value>
            </param>
            <param index="1">
              <value>
                <![CDATA[Goldmansky]]>
              </value>
            </param>
            <param index="2">
              <value>
                <![CDATA[orwpstmnqw_1556626425@tfbnw.net]]>
              </value>
            </param>
            <param index="3">
              <value>
                <![CDATA[Zaq12wsx]]>
              </value>
            </param>
            <param index="4">
              <value>
                <![CDATA[11]]>
              </value>
            </param>
            <param index="5">
              <value>
                <![CDATA[Aug]]>
              </value>
            </param>
            <param index="6">
              <value>
                <![CDATA[1991]]>
              </value>
            </param>
            <param index="7">
              <value>
                <![CDATA[Male]]>
              </value>
            </param>
          </params>
          <reporter-output>
          </reporter-output>
        </test-method> <!-- CreateNewUser -->
        <test-method is-config="true" signature="tearDown()[pri:0, instance:com.facebook.qa.testcases.SignUpTest@78b729e6]" started-at="2019-05-04T11:00:08Z" name="tearDown" finished-at="2019-05-04T11:00:09Z" duration-ms="932" status="PASS">
          <reporter-output>
          </reporter-output>
        </test-method> <!-- tearDown -->
      </class> <!-- com.facebook.qa.testcases.SignUpTest -->
    </test> <!-- Facebook Signup Page -->
  </suite> <!-- Facebook Application Test Automation Test Suite -->
</testng-results>
